<?xml version="1.0" encoding="UTF-8"?>
<!-- Generated by org.testng.reporters.JUnitReportReporter -->
<testsuite skipped="0" hostname="BDC4B-D-9XZ2T72" name="com.tests.NewTest5" tests="1" failures="0" timestamp="26 Jul 2018 11:01:02 GMT" time="35.429" errors="0">
  <testcase name="clearTrip" time="35.429" classname="com.tests.NewTest5"/>
</testsuite> <!-- com.tests.NewTest5 -->
