<?xml version="1.0" encoding="UTF-8"?>
<!-- Generated by org.testng.reporters.JUnitReportReporter -->
<testsuite skipped="0" hostname="BDC4B-D-9XZ2T72" name="com.tests.NewTest1" tests="3" failures="0" timestamp="26 Jul 2018 09:30:36 GMT" time="0.032" errors="0">
  <testcase name="e" time="0.003" classname="com.tests.NewTest1"/>
  <testcase name="abc" time="0.024" classname="com.tests.NewTest1"/>
  <testcase name="f" time="0.005" classname="com.tests.NewTest1"/>
</testsuite> <!-- com.tests.NewTest1 -->
