<?xml version="1.0" encoding="UTF-8"?>
<!-- Generated by org.testng.reporters.JUnitReportReporter -->
<testsuite skipped="0" hostname="BDC4B-D-9XZ2T72" name="com.tests.NewTest6" tests="1" failures="0" timestamp="26 Jul 2018 11:23:27 GMT" time="25.873" errors="0">
  <testcase name="clearTrip" time="25.873" classname="com.tests.NewTest6"/>
</testsuite> <!-- com.tests.NewTest6 -->
