<?xml version="1.0" encoding="UTF-8"?>
<!-- Generated by org.testng.reporters.JUnitReportReporter -->
<testsuite skipped="0" hostname="BDC4B-D-9XZ2T72" name="com.tests.NewTest3" tests="1" failures="0" timestamp="26 Jul 2018 09:55:07 GMT" time="60.212" errors="0">
  <testcase name="testHDFC" time="60.212" classname="com.tests.NewTest3"/>
</testsuite> <!-- com.tests.NewTest3 -->
