<?xml version="1.0" encoding="UTF-8"?>
<!-- Generated by org.testng.reporters.JUnitReportReporter -->
<testsuite skipped="0" hostname="BDC4B-D-9XZ2T72" name="com.tests.NewTest2" tests="1" failures="0" timestamp="26 Jul 2018 07:49:50 GMT" time="31.700" errors="0">
  <testcase name="testMercuryToursLogin" time="31.700" classname="com.tests.NewTest2"/>
</testsuite> <!-- com.tests.NewTest2 -->
